c:\users\bilel\desktop\branches\collision\menghindar_diri\project3d\x64\debug\vc140.pdb
c:\users\bilel\desktop\branches\collision\menghindar_diri\project3d\x64\debug\vc140.idb
c:\users\bilel\desktop\branches\collision\menghindar_diri\project3d\x64\debug\character.obj
c:\users\bilel\desktop\branches\collision\menghindar_diri\project3d\x64\debug\gamecontroller.obj
c:\users\bilel\desktop\branches\collision\menghindar_diri\project3d\x64\debug\wiimote.obj
c:\users\bilel\desktop\branches\collision\menghindar_diri\project3d\x64\debug\wiimotecontroller.obj
c:\users\bilel\desktop\branches\collision\menghindar_diri\project3d\x64\debug\gameobject.obj
c:\users\bilel\desktop\branches\collision\menghindar_diri\project3d\x64\debug\logic.obj
c:\users\bilel\desktop\branches\collision\menghindar_diri\project3d\x64\debug\main.obj
c:\users\bilel\desktop\branches\collision\menghindar_diri\project3d\x64\debug\modelobject.obj
c:\users\bilel\desktop\branches\collision\menghindar_diri\project3d\x64\debug\model_obj.obj
c:\users\bilel\desktop\branches\collision\menghindar_diri\project3d\x64\debug\object.obj
c:\users\bilel\desktop\branches\collision\menghindar_diri\project3d\x64\debug\player.obj
c:\users\bilel\desktop\branches\collision\menghindar_diri\x64\debug\menghindar diri.pdb
c:\users\bilel\desktop\branches\collision\menghindar_diri\project3d\x64\debug\menghindar diri.tlog\cl.command.1.tlog
c:\users\bilel\desktop\branches\collision\menghindar_diri\project3d\x64\debug\menghindar diri.tlog\cl.read.1.tlog
c:\users\bilel\desktop\branches\collision\menghindar_diri\project3d\x64\debug\menghindar diri.tlog\cl.write.1.tlog
c:\users\bilel\desktop\branches\collision\menghindar_diri\project3d\x64\debug\menghindar diri.tlog\link-cvtres.read.1.tlog
c:\users\bilel\desktop\branches\collision\menghindar_diri\project3d\x64\debug\menghindar diri.tlog\link-cvtres.write.1.tlog
c:\users\bilel\desktop\branches\collision\menghindar_diri\project3d\x64\debug\menghindar diri.tlog\link-rc.read.1.tlog
c:\users\bilel\desktop\branches\collision\menghindar_diri\project3d\x64\debug\menghindar diri.tlog\link-rc.write.1.tlog
c:\users\bilel\desktop\branches\collision\menghindar_diri\project3d\x64\debug\menghindar diri.tlog\link.command.1.tlog
c:\users\bilel\desktop\branches\collision\menghindar_diri\project3d\x64\debug\menghindar diri.tlog\link.read.1.tlog
c:\users\bilel\desktop\branches\collision\menghindar_diri\project3d\x64\debug\menghindar diri.tlog\link.write.1.tlog
