  main.cpp
<<<<<<< Updated upstream
c:\program files (x86)\windows kits\8.1\include\um\gl\gl.h(1157): error C2144: syntax error: 'void' should be preceded by ';'
c:\program files (x86)\windows kits\8.1\include\um\gl\gl.h(1157): error C4430: missing type specifier - int assumed. Note: C++ does not support default-int
c:\program files (x86)\windows kits\8.1\include\um\gl\gl.h(1157): error C2182: 'APIENTRY': illegal use of type 'void'
c:\program files (x86)\windows kits\8.1\include\um\gl\gl.h(1157): error C2146: syntax error: missing ';' before identifier 'glAccum'
c:\program files (x86)\windows kits\8.1\include\um\gl\gl.h(1158): error C2144: syntax error: 'void' should be preceded by ';'
c:\program files (x86)\windows kits\8.1\include\um\gl\gl.h(1158): error C4430: missing type specifier - int assumed. Note: C++ does not support default-int
c:\program files (x86)\windows kits\8.1\include\um\gl\gl.h(1158): error C2086: 'int WINGDIAPI': redefinition
  c:\program files (x86)\windows kits\8.1\include\um\gl\gl.h(1157): note: see declaration of 'WINGDIAPI'
c:\program files (x86)\windows kits\8.1\include\um\gl\gl.h(1158): error C2182: 'APIENTRY': illegal use of type 'void'
c:\program files (x86)\windows kits\8.1\include\um\gl\gl.h(1158): error C2086: 'int APIENTRY': redefinition
  c:\program files (x86)\windows kits\8.1\include\um\gl\gl.h(1157): note: see declaration of 'APIENTRY'
c:\program files (x86)\windows kits\8.1\include\um\gl\gl.h(1158): error C2146: syntax error: missing ';' before identifier 'glAlphaFunc'
c:\program files (x86)\windows kits\8.1\include\um\gl\gl.h(1159): error C4430: missing type specifier - int assumed. Note: C++ does not support default-int
c:\program files (x86)\windows kits\8.1\include\um\gl\gl.h(1159): error C2086: 'int WINGDIAPI': redefinition
  c:\program files (x86)\windows kits\8.1\include\um\gl\gl.h(1157): note: see declaration of 'WINGDIAPI'
c:\program files (x86)\windows kits\8.1\include\um\gl\gl.h(1159): error C2146: syntax error: missing ';' before identifier 'GLboolean'
c:\program files (x86)\windows kits\8.1\include\um\gl\gl.h(1160): error C2144: syntax error: 'void' should be preceded by ';'
c:\program files (x86)\windows kits\8.1\include\um\gl\gl.h(1160): error C4430: missing type specifier - int assumed. Note: C++ does not support default-int
c:\program files (x86)\windows kits\8.1\include\um\gl\gl.h(1160): error C2086: 'int WINGDIAPI': redefinition
  c:\program files (x86)\windows kits\8.1\include\um\gl\gl.h(1157): note: see declaration of 'WINGDIAPI'
c:\program files (x86)\windows kits\8.1\include\um\gl\gl.h(1160): error C2182: 'APIENTRY': illegal use of type 'void'
c:\program files (x86)\windows kits\8.1\include\um\gl\gl.h(1160): error C2086: 'int APIENTRY': redefinition
  c:\program files (x86)\windows kits\8.1\include\um\gl\gl.h(1157): note: see declaration of 'APIENTRY'
c:\program files (x86)\windows kits\8.1\include\um\gl\gl.h(1160): error C2146: syntax error: missing ';' before identifier 'glArrayElement'
c:\program files (x86)\windows kits\8.1\include\um\gl\gl.h(1161): error C2144: syntax error: 'void' should be preceded by ';'
c:\program files (x86)\windows kits\8.1\include\um\gl\gl.h(1161): error C4430: missing type specifier - int assumed. Note: C++ does not support default-int
c:\program files (x86)\windows kits\8.1\include\um\gl\gl.h(1161): error C2086: 'int WINGDIAPI': redefinition
  c:\program files (x86)\windows kits\8.1\include\um\gl\gl.h(1157): note: see declaration of 'WINGDIAPI'
c:\program files (x86)\windows kits\8.1\include\um\gl\gl.h(1161): error C2182: 'APIENTRY': illegal use of type 'void'
c:\program files (x86)\windows kits\8.1\include\um\gl\gl.h(1161): error C2086: 'int APIENTRY': redefinition
  c:\program files (x86)\windows kits\8.1\include\um\gl\gl.h(1157): note: see declaration of 'APIENTRY'
c:\program files (x86)\windows kits\8.1\include\um\gl\gl.h(1161): error C2146: syntax error: missing ';' before identifier 'glBegin'
c:\program files (x86)\windows kits\8.1\include\um\gl\gl.h(1162): error C2144: syntax error: 'void' should be preceded by ';'
c:\program files (x86)\windows kits\8.1\include\um\gl\gl.h(1162): error C4430: missing type specifier - int assumed. Note: C++ does not support default-int
c:\program files (x86)\windows kits\8.1\include\um\gl\gl.h(1162): error C2086: 'int WINGDIAPI': redefinition
  c:\program files (x86)\windows kits\8.1\include\um\gl\gl.h(1157): note: see declaration of 'WINGDIAPI'
c:\program files (x86)\windows kits\8.1\include\um\gl\gl.h(1162): error C2182: 'APIENTRY': illegal use of type 'void'
c:\program files (x86)\windows kits\8.1\include\um\gl\gl.h(1162): error C2086: 'int APIENTRY': redefinition
  c:\program files (x86)\windows kits\8.1\include\um\gl\gl.h(1157): note: see declaration of 'APIENTRY'
c:\program files (x86)\windows kits\8.1\include\um\gl\gl.h(1162): error C2146: syntax error: missing ';' before identifier 'glBindTexture'
c:\program files (x86)\windows kits\8.1\include\um\gl\gl.h(1163): error C2144: syntax error: 'void' should be preceded by ';'
c:\program files (x86)\windows kits\8.1\include\um\gl\gl.h(1163): error C4430: missing type specifier - int assumed. Note: C++ does not support default-int
c:\program files (x86)\windows kits\8.1\include\um\gl\gl.h(1163): error C2086: 'int WINGDIAPI': redefinition
  c:\program files (x86)\windows kits\8.1\include\um\gl\gl.h(1157): note: see declaration of 'WINGDIAPI'
c:\program files (x86)\windows kits\8.1\include\um\gl\gl.h(1163): error C2182: 'APIENTRY': illegal use of type 'void'
c:\program files (x86)\windows kits\8.1\include\um\gl\gl.h(1163): error C2086: 'int APIENTRY': redefinition
  c:\program files (x86)\windows kits\8.1\include\um\gl\gl.h(1157): note: see declaration of 'APIENTRY'
c:\program files (x86)\windows kits\8.1\include\um\gl\gl.h(1163): error C2146: syntax error: missing ';' before identifier 'glBitmap'
c:\program files (x86)\windows kits\8.1\include\um\gl\gl.h(1164): error C2144: syntax error: 'void' should be preceded by ';'
c:\program files (x86)\windows kits\8.1\include\um\gl\gl.h(1164): error C4430: missing type specifier - int assumed. Note: C++ does not support default-int
c:\program files (x86)\windows kits\8.1\include\um\gl\gl.h(1164): error C2086: 'int WINGDIAPI': redefinition
  c:\program files (x86)\windows kits\8.1\include\um\gl\gl.h(1157): note: see declaration of 'WINGDIAPI'
c:\program files (x86)\windows kits\8.1\include\um\gl\gl.h(1164): error C2182: 'APIENTRY': illegal use of type 'void'
c:\program files (x86)\windows kits\8.1\include\um\gl\gl.h(1164): error C2086: 'int APIENTRY': redefinition
  c:\program files (x86)\windows kits\8.1\include\um\gl\gl.h(1157): note: see declaration of 'APIENTRY'
c:\program files (x86)\windows kits\8.1\include\um\gl\gl.h(1164): error C2146: syntax error: missing ';' before identifier 'glBlendFunc'
c:\program files (x86)\windows kits\8.1\include\um\gl\gl.h(1165): error C2144: syntax error: 'void' should be preceded by ';'
c:\program files (x86)\windows kits\8.1\include\um\gl\gl.h(1165): error C4430: missing type specifier - int assumed. Note: C++ does not support default-int
c:\program files (x86)\windows kits\8.1\include\um\gl\gl.h(1165): error C2086: 'int WINGDIAPI': redefinition
  c:\program files (x86)\windows kits\8.1\include\um\gl\gl.h(1157): note: see declaration of 'WINGDIAPI'
c:\program files (x86)\windows kits\8.1\include\um\gl\gl.h(1165): error C2182: 'APIENTRY': illegal use of type 'void'
c:\program files (x86)\windows kits\8.1\include\um\gl\gl.h(1165): error C2086: 'int APIENTRY': redefinition
  c:\program files (x86)\windows kits\8.1\include\um\gl\gl.h(1157): note: see declaration of 'APIENTRY'
c:\program files (x86)\windows kits\8.1\include\um\gl\gl.h(1165): error C2146: syntax error: missing ';' before identifier 'glCallList'
c:\program files (x86)\windows kits\8.1\include\um\gl\gl.h(1166): error C2144: syntax error: 'void' should be preceded by ';'
c:\program files (x86)\windows kits\8.1\include\um\gl\gl.h(1166): error C4430: missing type specifier - int assumed. Note: C++ does not support default-int
c:\program files (x86)\windows kits\8.1\include\um\gl\gl.h(1166): error C2086: 'int WINGDIAPI': redefinition
  c:\program files (x86)\windows kits\8.1\include\um\gl\gl.h(1157): note: see declaration of 'WINGDIAPI'
c:\program files (x86)\windows kits\8.1\include\um\gl\gl.h(1166): error C2182: 'APIENTRY': illegal use of type 'void'
c:\program files (x86)\windows kits\8.1\include\um\gl\gl.h(1166): error C2086: 'int APIENTRY': redefinition
  c:\program files (x86)\windows kits\8.1\include\um\gl\gl.h(1157): note: see declaration of 'APIENTRY'
c:\program files (x86)\windows kits\8.1\include\um\gl\gl.h(1166): error C2146: syntax error: missing ';' before identifier 'glCallLists'
c:\program files (x86)\windows kits\8.1\include\um\gl\gl.h(1167): error C2144: syntax error: 'void' should be preceded by ';'
c:\program files (x86)\windows kits\8.1\include\um\gl\gl.h(1167): error C4430: missing type specifier - int assumed. Note: C++ does not support default-int
c:\program files (x86)\windows kits\8.1\include\um\gl\gl.h(1167): error C2086: 'int WINGDIAPI': redefinition
  c:\program files (x86)\windows kits\8.1\include\um\gl\gl.h(1157): note: see declaration of 'WINGDIAPI'
c:\program files (x86)\windows kits\8.1\include\um\gl\gl.h(1167): error C2182: 'APIENTRY': illegal use of type 'void'
c:\program files (x86)\windows kits\8.1\include\um\gl\gl.h(1167): error C2086: 'int APIENTRY': redefinition
  c:\program files (x86)\windows kits\8.1\include\um\gl\gl.h(1157): note: see declaration of 'APIENTRY'
c:\program files (x86)\windows kits\8.1\include\um\gl\gl.h(1167): error C2146: syntax error: missing ';' before identifier 'glClear'
c:\program files (x86)\windows kits\8.1\include\um\gl\gl.h(1168): error C2144: syntax error: 'void' should be preceded by ';'
c:\program files (x86)\windows kits\8.1\include\um\gl\gl.h(1168): error C4430: missing type specifier - int assumed. Note: C++ does not support default-int
c:\program files (x86)\windows kits\8.1\include\um\gl\gl.h(1168): error C2086: 'int WINGDIAPI': redefinition
  c:\program files (x86)\windows kits\8.1\include\um\gl\gl.h(1157): note: see declaration of 'WINGDIAPI'
c:\program files (x86)\windows kits\8.1\include\um\gl\gl.h(1168): error C2182: 'APIENTRY': illegal use of type 'void'
c:\program files (x86)\windows kits\8.1\include\um\gl\gl.h(1168): error C2086: 'int APIENTRY': redefinition
  c:\program files (x86)\windows kits\8.1\include\um\gl\gl.h(1157): note: see declaration of 'APIENTRY'
c:\program files (x86)\windows kits\8.1\include\um\gl\gl.h(1168): error C2146: syntax error: missing ';' before identifier 'glClearAccum'
c:\program files (x86)\windows kits\8.1\include\um\gl\gl.h(1169): error C2144: syntax error: 'void' should be preceded by ';'
c:\program files (x86)\windows kits\8.1\include\um\gl\gl.h(1169): error C4430: missing type specifier - int assumed. Note: C++ does not support default-int
c:\program files (x86)\windows kits\8.1\include\um\gl\gl.h(1169): error C2086: 'int WINGDIAPI': redefinition
  c:\program files (x86)\windows kits\8.1\include\um\gl\gl.h(1157): note: see declaration of 'WINGDIAPI'
c:\program files (x86)\windows kits\8.1\include\um\gl\gl.h(1169): error C2182: 'APIENTRY': illegal use of type 'void'
c:\program files (x86)\windows kits\8.1\include\um\gl\gl.h(1169): error C2086: 'int APIENTRY': redefinition
  c:\program files (x86)\windows kits\8.1\include\um\gl\gl.h(1157): note: see declaration of 'APIENTRY'
c:\program files (x86)\windows kits\8.1\include\um\gl\gl.h(1169): error C2146: syntax error: missing ';' before identifier 'glClearColor'
c:\program files (x86)\windows kits\8.1\include\um\gl\gl.h(1170): error C2144: syntax error: 'void' should be preceded by ';'
c:\program files (x86)\windows kits\8.1\include\um\gl\gl.h(1170): error C4430: missing type specifier - int assumed. Note: C++ does not support default-int
c:\program files (x86)\windows kits\8.1\include\um\gl\gl.h(1170): error C2086: 'int WINGDIAPI': redefinition
  c:\program files (x86)\windows kits\8.1\include\um\gl\gl.h(1157): note: see declaration of 'WINGDIAPI'
c:\program files (x86)\windows kits\8.1\include\um\gl\gl.h(1170): error C2182: 'APIENTRY': illegal use of type 'void'
c:\program files (x86)\windows kits\8.1\include\um\gl\gl.h(1170): error C2086: 'int APIENTRY': redefinition
  c:\program files (x86)\windows kits\8.1\include\um\gl\gl.h(1157): note: see declaration of 'APIENTRY'
c:\program files (x86)\windows kits\8.1\include\um\gl\gl.h(1170): error C2146: syntax error: missing ';' before identifier 'glClearDepth'
c:\program files (x86)\windows kits\8.1\include\um\gl\gl.h(1171): error C2144: syntax error: 'void' should be preceded by ';'
c:\program files (x86)\windows kits\8.1\include\um\gl\gl.h(1171): error C4430: missing type specifier - int assumed. Note: C++ does not support default-int
c:\program files (x86)\windows kits\8.1\include\um\gl\gl.h(1171): error C2086: 'int WINGDIAPI': redefinition
  c:\program files (x86)\windows kits\8.1\include\um\gl\gl.h(1157): note: see declaration of 'WINGDIAPI'
c:\program files (x86)\windows kits\8.1\include\um\gl\gl.h(1171): error C2182: 'APIENTRY': illegal use of type 'void'
c:\program files (x86)\windows kits\8.1\include\um\gl\gl.h(1171): error C2086: 'int APIENTRY': redefinition
  c:\program files (x86)\windows kits\8.1\include\um\gl\gl.h(1157): note: see declaration of 'APIENTRY'
c:\program files (x86)\windows kits\8.1\include\um\gl\gl.h(1171): error C2146: syntax error: missing ';' before identifier 'glClearIndex'
c:\program files (x86)\windows kits\8.1\include\um\gl\gl.h(1172): error C2144: syntax error: 'void' should be preceded by ';'
c:\program files (x86)\windows kits\8.1\include\um\gl\gl.h(1172): error C4430: missing type specifier - int assumed. Note: C++ does not support default-int
c:\program files (x86)\windows kits\8.1\include\um\gl\gl.h(1172): error C2086: 'int WINGDIAPI': redefinition
  c:\program files (x86)\windows kits\8.1\include\um\gl\gl.h(1157): note: see declaration of 'WINGDIAPI'
c:\program files (x86)\windows kits\8.1\include\um\gl\gl.h(1172): error C2182: 'APIENTRY': illegal use of type 'void'
c:\program files (x86)\windows kits\8.1\include\um\gl\gl.h(1172): error C2086: 'int APIENTRY': redefinition
  c:\program files (x86)\windows kits\8.1\include\um\gl\gl.h(1157): note: see declaration of 'APIENTRY'
c:\program files (x86)\windows kits\8.1\include\um\gl\gl.h(1172): error C2146: syntax error: missing ';' before identifier 'glClearStencil'
c:\program files (x86)\windows kits\8.1\include\um\gl\gl.h(1173): error C2144: syntax error: 'void' should be preceded by ';'
c:\program files (x86)\windows kits\8.1\include\um\gl\gl.h(1173): error C4430: missing type specifier - int assumed. Note: C++ does not support default-int
c:\program files (x86)\windows kits\8.1\include\um\gl\gl.h(1173): error C2086: 'int WINGDIAPI': redefinition
  c:\program files (x86)\windows kits\8.1\include\um\gl\gl.h(1157): note: see declaration of 'WINGDIAPI'
c:\program files (x86)\windows kits\8.1\include\um\gl\gl.h(1173): error C2182: 'APIENTRY': illegal use of type 'void'
c:\program files (x86)\windows kits\8.1\include\um\gl\gl.h(1173): error C2086: 'int APIENTRY': redefinition
  c:\program files (x86)\windows kits\8.1\include\um\gl\gl.h(1157): note: see declaration of 'APIENTRY'
c:\program files (x86)\windows kits\8.1\include\um\gl\gl.h(1173): error C2146: syntax error: missing ';' before identifier 'glClipPlane'
c:\program files (x86)\windows kits\8.1\include\um\gl\gl.h(1174): error C2144: syntax error: 'void' should be preceded by ';'
c:\program files (x86)\windows kits\8.1\include\um\gl\gl.h(1174): error C4430: missing type specifier - int assumed. Note: C++ does not support default-int
c:\program files (x86)\windows kits\8.1\include\um\gl\gl.h(1174): error C2086: 'int WINGDIAPI': redefinition
  c:\program files (x86)\windows kits\8.1\include\um\gl\gl.h(1157): note: see declaration of 'WINGDIAPI'
c:\program files (x86)\windows kits\8.1\include\um\gl\gl.h(1174): error C2182: 'APIENTRY': illegal use of type 'void'
c:\program files (x86)\windows kits\8.1\include\um\gl\gl.h(1174): error C2086: 'int APIENTRY': redefinition
  c:\program files (x86)\windows kits\8.1\include\um\gl\gl.h(1157): note: see declaration of 'APIENTRY'
c:\program files (x86)\windows kits\8.1\include\um\gl\gl.h(1174): error C2146: syntax error: missing ';' before identifier 'glColor3b'
c:\program files (x86)\windows kits\8.1\include\um\gl\gl.h(1175): error C2144: syntax error: 'void' should be preceded by ';'
c:\program files (x86)\windows kits\8.1\include\um\gl\gl.h(1175): error C4430: missing type specifier - int assumed. Note: C++ does not support default-int
c:\program files (x86)\windows kits\8.1\include\um\gl\gl.h(1175): error C2086: 'int WINGDIAPI': redefinition
  c:\program files (x86)\windows kits\8.1\include\um\gl\gl.h(1157): note: see declaration of 'WINGDIAPI'
c:\program files (x86)\windows kits\8.1\include\um\gl\gl.h(1175): error C2182: 'APIENTRY': illegal use of type 'void'
c:\program files (x86)\windows kits\8.1\include\um\gl\gl.h(1175): error C2086: 'int APIENTRY': redefinition
  c:\program files (x86)\windows kits\8.1\include\um\gl\gl.h(1157): note: see declaration of 'APIENTRY'
c:\program files (x86)\windows kits\8.1\include\um\gl\gl.h(1175): error C2146: syntax error: missing ';' before identifier 'glColor3bv'
c:\program files (x86)\windows kits\8.1\include\um\gl\gl.h(1176): error C2144: syntax error: 'void' should be preceded by ';'
c:\program files (x86)\windows kits\8.1\include\um\gl\gl.h(1176): error C4430: missing type specifier - int assumed. Note: C++ does not support default-int
c:\program files (x86)\windows kits\8.1\include\um\gl\gl.h(1176): error C2086: 'int WINGDIAPI': redefinition
  c:\program files (x86)\windows kits\8.1\include\um\gl\gl.h(1157): note: see declaration of 'WINGDIAPI'
c:\program files (x86)\windows kits\8.1\include\um\gl\gl.h(1176): error C2182: 'APIENTRY': illegal use of type 'void'
c:\program files (x86)\windows kits\8.1\include\um\gl\gl.h(1176): error C2086: 'int APIENTRY': redefinition
  c:\program files (x86)\windows kits\8.1\include\um\gl\gl.h(1157): note: see declaration of 'APIENTRY'
c:\program files (x86)\windows kits\8.1\include\um\gl\gl.h(1176): error C2146: syntax error: missing ';' before identifier 'glColor3d'
c:\program files (x86)\windows kits\8.1\include\um\gl\gl.h(1177): error C2144: syntax error: 'void' should be preceded by ';'
c:\program files (x86)\windows kits\8.1\include\um\gl\gl.h(1177): error C4430: missing type specifier - int assumed. Note: C++ does not support default-int
c:\program files (x86)\windows kits\8.1\include\um\gl\gl.h(1177): error C2086: 'int WINGDIAPI': redefinition
  c:\program files (x86)\windows kits\8.1\include\um\gl\gl.h(1157): note: see declaration of 'WINGDIAPI'
c:\program files (x86)\windows kits\8.1\include\um\gl\gl.h(1177): error C2182: 'APIENTRY': illegal use of type 'void'
c:\program files (x86)\windows kits\8.1\include\um\gl\gl.h(1177): error C2086: 'int APIENTRY': redefinition
  c:\program files (x86)\windows kits\8.1\include\um\gl\gl.h(1157): note: see declaration of 'APIENTRY'
c:\program files (x86)\windows kits\8.1\include\um\gl\gl.h(1177): error C2146: syntax error: missing ';' before identifier 'glColor3dv'
c:\program files (x86)\windows kits\8.1\include\um\gl\gl.h(1178): error C2144: syntax error: 'void' should be preceded by ';'
c:\program files (x86)\windows kits\8.1\include\um\gl\gl.h(1178): fatal error C1003: error count exceeds 100; stopping compilation
  Player.cpp
c:\program files (x86)\windows kits\8.1\include\um\gl\gl.h(1157): error C2144: syntax error: 'void' should be preceded by ';'
c:\program files (x86)\windows kits\8.1\include\um\gl\gl.h(1157): error C4430: missing type specifier - int assumed. Note: C++ does not support default-int
c:\program files (x86)\windows kits\8.1\include\um\gl\gl.h(1157): error C2182: 'APIENTRY': illegal use of type 'void'
c:\program files (x86)\windows kits\8.1\include\um\gl\gl.h(1157): error C2146: syntax error: missing ';' before identifier 'glAccum'
c:\program files (x86)\windows kits\8.1\include\um\gl\gl.h(1158): error C2144: syntax error: 'void' should be preceded by ';'
c:\program files (x86)\windows kits\8.1\include\um\gl\gl.h(1158): error C4430: missing type specifier - int assumed. Note: C++ does not support default-int
c:\program files (x86)\windows kits\8.1\include\um\gl\gl.h(1158): error C2086: 'int WINGDIAPI': redefinition
  c:\program files (x86)\windows kits\8.1\include\um\gl\gl.h(1157): note: see declaration of 'WINGDIAPI'
c:\program files (x86)\windows kits\8.1\include\um\gl\gl.h(1158): error C2182: 'APIENTRY': illegal use of type 'void'
c:\program files (x86)\windows kits\8.1\include\um\gl\gl.h(1158): error C2086: 'int APIENTRY': redefinition
  c:\program files (x86)\windows kits\8.1\include\um\gl\gl.h(1157): note: see declaration of 'APIENTRY'
c:\program files (x86)\windows kits\8.1\include\um\gl\gl.h(1158): error C2146: syntax error: missing ';' before identifier 'glAlphaFunc'
c:\program files (x86)\windows kits\8.1\include\um\gl\gl.h(1159): error C4430: missing type specifier - int assumed. Note: C++ does not support default-int
c:\program files (x86)\windows kits\8.1\include\um\gl\gl.h(1159): error C2086: 'int WINGDIAPI': redefinition
  c:\program files (x86)\windows kits\8.1\include\um\gl\gl.h(1157): note: see declaration of 'WINGDIAPI'
c:\program files (x86)\windows kits\8.1\include\um\gl\gl.h(1159): error C2146: syntax error: missing ';' before identifier 'GLboolean'
c:\program files (x86)\windows kits\8.1\include\um\gl\gl.h(1160): error C2144: syntax error: 'void' should be preceded by ';'
c:\program files (x86)\windows kits\8.1\include\um\gl\gl.h(1160): error C4430: missing type specifier - int assumed. Note: C++ does not support default-int
c:\program files (x86)\windows kits\8.1\include\um\gl\gl.h(1160): error C2086: 'int WINGDIAPI': redefinition
  c:\program files (x86)\windows kits\8.1\include\um\gl\gl.h(1157): note: see declaration of 'WINGDIAPI'
c:\program files (x86)\windows kits\8.1\include\um\gl\gl.h(1160): error C2182: 'APIENTRY': illegal use of type 'void'
c:\program files (x86)\windows kits\8.1\include\um\gl\gl.h(1160): error C2086: 'int APIENTRY': redefinition
  c:\program files (x86)\windows kits\8.1\include\um\gl\gl.h(1157): note: see declaration of 'APIENTRY'
c:\program files (x86)\windows kits\8.1\include\um\gl\gl.h(1160): error C2146: syntax error: missing ';' before identifier 'glArrayElement'
c:\program files (x86)\windows kits\8.1\include\um\gl\gl.h(1161): error C2144: syntax error: 'void' should be preceded by ';'
c:\program files (x86)\windows kits\8.1\include\um\gl\gl.h(1161): error C4430: missing type specifier - int assumed. Note: C++ does not support default-int
c:\program files (x86)\windows kits\8.1\include\um\gl\gl.h(1161): error C2086: 'int WINGDIAPI': redefinition
  c:\program files (x86)\windows kits\8.1\include\um\gl\gl.h(1157): note: see declaration of 'WINGDIAPI'
c:\program files (x86)\windows kits\8.1\include\um\gl\gl.h(1161): error C2182: 'APIENTRY': illegal use of type 'void'
c:\program files (x86)\windows kits\8.1\include\um\gl\gl.h(1161): error C2086: 'int APIENTRY': redefinition
  c:\program files (x86)\windows kits\8.1\include\um\gl\gl.h(1157): note: see declaration of 'APIENTRY'
c:\program files (x86)\windows kits\8.1\include\um\gl\gl.h(1161): error C2146: syntax error: missing ';' before identifier 'glBegin'
c:\program files (x86)\windows kits\8.1\include\um\gl\gl.h(1162): error C2144: syntax error: 'void' should be preceded by ';'
c:\program files (x86)\windows kits\8.1\include\um\gl\gl.h(1162): error C4430: missing type specifier - int assumed. Note: C++ does not support default-int
c:\program files (x86)\windows kits\8.1\include\um\gl\gl.h(1162): error C2086: 'int WINGDIAPI': redefinition
  c:\program files (x86)\windows kits\8.1\include\um\gl\gl.h(1157): note: see declaration of 'WINGDIAPI'
c:\program files (x86)\windows kits\8.1\include\um\gl\gl.h(1162): error C2182: 'APIENTRY': illegal use of type 'void'
c:\program files (x86)\windows kits\8.1\include\um\gl\gl.h(1162): error C2086: 'int APIENTRY': redefinition
  c:\program files (x86)\windows kits\8.1\include\um\gl\gl.h(1157): note: see declaration of 'APIENTRY'
c:\program files (x86)\windows kits\8.1\include\um\gl\gl.h(1162): error C2146: syntax error: missing ';' before identifier 'glBindTexture'
c:\program files (x86)\windows kits\8.1\include\um\gl\gl.h(1163): error C2144: syntax error: 'void' should be preceded by ';'
c:\program files (x86)\windows kits\8.1\include\um\gl\gl.h(1163): error C4430: missing type specifier - int assumed. Note: C++ does not support default-int
c:\program files (x86)\windows kits\8.1\include\um\gl\gl.h(1163): error C2086: 'int WINGDIAPI': redefinition
  c:\program files (x86)\windows kits\8.1\include\um\gl\gl.h(1157): note: see declaration of 'WINGDIAPI'
c:\program files (x86)\windows kits\8.1\include\um\gl\gl.h(1163): error C2182: 'APIENTRY': illegal use of type 'void'
c:\program files (x86)\windows kits\8.1\include\um\gl\gl.h(1163): error C2086: 'int APIENTRY': redefinition
  c:\program files (x86)\windows kits\8.1\include\um\gl\gl.h(1157): note: see declaration of 'APIENTRY'
c:\program files (x86)\windows kits\8.1\include\um\gl\gl.h(1163): error C2146: syntax error: missing ';' before identifier 'glBitmap'
c:\program files (x86)\windows kits\8.1\include\um\gl\gl.h(1164): error C2144: syntax error: 'void' should be preceded by ';'
c:\program files (x86)\windows kits\8.1\include\um\gl\gl.h(1164): error C4430: missing type specifier - int assumed. Note: C++ does not support default-int
c:\program files (x86)\windows kits\8.1\include\um\gl\gl.h(1164): error C2086: 'int WINGDIAPI': redefinition
  c:\program files (x86)\windows kits\8.1\include\um\gl\gl.h(1157): note: see declaration of 'WINGDIAPI'
c:\program files (x86)\windows kits\8.1\include\um\gl\gl.h(1164): error C2182: 'APIENTRY': illegal use of type 'void'
c:\program files (x86)\windows kits\8.1\include\um\gl\gl.h(1164): error C2086: 'int APIENTRY': redefinition
  c:\program files (x86)\windows kits\8.1\include\um\gl\gl.h(1157): note: see declaration of 'APIENTRY'
c:\program files (x86)\windows kits\8.1\include\um\gl\gl.h(1164): error C2146: syntax error: missing ';' before identifier 'glBlendFunc'
c:\program files (x86)\windows kits\8.1\include\um\gl\gl.h(1165): error C2144: syntax error: 'void' should be preceded by ';'
c:\program files (x86)\windows kits\8.1\include\um\gl\gl.h(1165): error C4430: missing type specifier - int assumed. Note: C++ does not support default-int
c:\program files (x86)\windows kits\8.1\include\um\gl\gl.h(1165): error C2086: 'int WINGDIAPI': redefinition
  c:\program files (x86)\windows kits\8.1\include\um\gl\gl.h(1157): note: see declaration of 'WINGDIAPI'
c:\program files (x86)\windows kits\8.1\include\um\gl\gl.h(1165): error C2182: 'APIENTRY': illegal use of type 'void'
c:\program files (x86)\windows kits\8.1\include\um\gl\gl.h(1165): error C2086: 'int APIENTRY': redefinition
  c:\program files (x86)\windows kits\8.1\include\um\gl\gl.h(1157): note: see declaration of 'APIENTRY'
c:\program files (x86)\windows kits\8.1\include\um\gl\gl.h(1165): error C2146: syntax error: missing ';' before identifier 'glCallList'
c:\program files (x86)\windows kits\8.1\include\um\gl\gl.h(1166): error C2144: syntax error: 'void' should be preceded by ';'
c:\program files (x86)\windows kits\8.1\include\um\gl\gl.h(1166): error C4430: missing type specifier - int assumed. Note: C++ does not support default-int
c:\program files (x86)\windows kits\8.1\include\um\gl\gl.h(1166): error C2086: 'int WINGDIAPI': redefinition
  c:\program files (x86)\windows kits\8.1\include\um\gl\gl.h(1157): note: see declaration of 'WINGDIAPI'
c:\program files (x86)\windows kits\8.1\include\um\gl\gl.h(1166): error C2182: 'APIENTRY': illegal use of type 'void'
c:\program files (x86)\windows kits\8.1\include\um\gl\gl.h(1166): error C2086: 'int APIENTRY': redefinition
  c:\program files (x86)\windows kits\8.1\include\um\gl\gl.h(1157): note: see declaration of 'APIENTRY'
c:\program files (x86)\windows kits\8.1\include\um\gl\gl.h(1166): error C2146: syntax error: missing ';' before identifier 'glCallLists'
c:\program files (x86)\windows kits\8.1\include\um\gl\gl.h(1167): error C2144: syntax error: 'void' should be preceded by ';'
c:\program files (x86)\windows kits\8.1\include\um\gl\gl.h(1167): error C4430: missing type specifier - int assumed. Note: C++ does not support default-int
c:\program files (x86)\windows kits\8.1\include\um\gl\gl.h(1167): error C2086: 'int WINGDIAPI': redefinition
  c:\program files (x86)\windows kits\8.1\include\um\gl\gl.h(1157): note: see declaration of 'WINGDIAPI'
c:\program files (x86)\windows kits\8.1\include\um\gl\gl.h(1167): error C2182: 'APIENTRY': illegal use of type 'void'
c:\program files (x86)\windows kits\8.1\include\um\gl\gl.h(1167): error C2086: 'int APIENTRY': redefinition
  c:\program files (x86)\windows kits\8.1\include\um\gl\gl.h(1157): note: see declaration of 'APIENTRY'
c:\program files (x86)\windows kits\8.1\include\um\gl\gl.h(1167): error C2146: syntax error: missing ';' before identifier 'glClear'
c:\program files (x86)\windows kits\8.1\include\um\gl\gl.h(1168): error C2144: syntax error: 'void' should be preceded by ';'
c:\program files (x86)\windows kits\8.1\include\um\gl\gl.h(1168): error C4430: missing type specifier - int assumed. Note: C++ does not support default-int
c:\program files (x86)\windows kits\8.1\include\um\gl\gl.h(1168): error C2086: 'int WINGDIAPI': redefinition
  c:\program files (x86)\windows kits\8.1\include\um\gl\gl.h(1157): note: see declaration of 'WINGDIAPI'
c:\program files (x86)\windows kits\8.1\include\um\gl\gl.h(1168): error C2182: 'APIENTRY': illegal use of type 'void'
c:\program files (x86)\windows kits\8.1\include\um\gl\gl.h(1168): error C2086: 'int APIENTRY': redefinition
  c:\program files (x86)\windows kits\8.1\include\um\gl\gl.h(1157): note: see declaration of 'APIENTRY'
c:\program files (x86)\windows kits\8.1\include\um\gl\gl.h(1168): error C2146: syntax error: missing ';' before identifier 'glClearAccum'
c:\program files (x86)\windows kits\8.1\include\um\gl\gl.h(1169): error C2144: syntax error: 'void' should be preceded by ';'
c:\program files (x86)\windows kits\8.1\include\um\gl\gl.h(1169): error C4430: missing type specifier - int assumed. Note: C++ does not support default-int
c:\program files (x86)\windows kits\8.1\include\um\gl\gl.h(1169): error C2086: 'int WINGDIAPI': redefinition
  c:\program files (x86)\windows kits\8.1\include\um\gl\gl.h(1157): note: see declaration of 'WINGDIAPI'
c:\program files (x86)\windows kits\8.1\include\um\gl\gl.h(1169): error C2182: 'APIENTRY': illegal use of type 'void'
c:\program files (x86)\windows kits\8.1\include\um\gl\gl.h(1169): error C2086: 'int APIENTRY': redefinition
  c:\program files (x86)\windows kits\8.1\include\um\gl\gl.h(1157): note: see declaration of 'APIENTRY'
c:\program files (x86)\windows kits\8.1\include\um\gl\gl.h(1169): error C2146: syntax error: missing ';' before identifier 'glClearColor'
c:\program files (x86)\windows kits\8.1\include\um\gl\gl.h(1170): error C2144: syntax error: 'void' should be preceded by ';'
c:\program files (x86)\windows kits\8.1\include\um\gl\gl.h(1170): error C4430: missing type specifier - int assumed. Note: C++ does not support default-int
c:\program files (x86)\windows kits\8.1\include\um\gl\gl.h(1170): error C2086: 'int WINGDIAPI': redefinition
  c:\program files (x86)\windows kits\8.1\include\um\gl\gl.h(1157): note: see declaration of 'WINGDIAPI'
c:\program files (x86)\windows kits\8.1\include\um\gl\gl.h(1170): error C2182: 'APIENTRY': illegal use of type 'void'
c:\program files (x86)\windows kits\8.1\include\um\gl\gl.h(1170): error C2086: 'int APIENTRY': redefinition
  c:\program files (x86)\windows kits\8.1\include\um\gl\gl.h(1157): note: see declaration of 'APIENTRY'
c:\program files (x86)\windows kits\8.1\include\um\gl\gl.h(1170): error C2146: syntax error: missing ';' before identifier 'glClearDepth'
c:\program files (x86)\windows kits\8.1\include\um\gl\gl.h(1171): error C2144: syntax error: 'void' should be preceded by ';'
c:\program files (x86)\windows kits\8.1\include\um\gl\gl.h(1171): error C4430: missing type specifier - int assumed. Note: C++ does not support default-int
c:\program files (x86)\windows kits\8.1\include\um\gl\gl.h(1171): error C2086: 'int WINGDIAPI': redefinition
  c:\program files (x86)\windows kits\8.1\include\um\gl\gl.h(1157): note: see declaration of 'WINGDIAPI'
c:\program files (x86)\windows kits\8.1\include\um\gl\gl.h(1171): error C2182: 'APIENTRY': illegal use of type 'void'
c:\program files (x86)\windows kits\8.1\include\um\gl\gl.h(1171): error C2086: 'int APIENTRY': redefinition
  c:\program files (x86)\windows kits\8.1\include\um\gl\gl.h(1157): note: see declaration of 'APIENTRY'
c:\program files (x86)\windows kits\8.1\include\um\gl\gl.h(1171): error C2146: syntax error: missing ';' before identifier 'glClearIndex'
c:\program files (x86)\windows kits\8.1\include\um\gl\gl.h(1172): error C2144: syntax error: 'void' should be preceded by ';'
c:\program files (x86)\windows kits\8.1\include\um\gl\gl.h(1172): error C4430: missing type specifier - int assumed. Note: C++ does not support default-int
c:\program files (x86)\windows kits\8.1\include\um\gl\gl.h(1172): error C2086: 'int WINGDIAPI': redefinition
  c:\program files (x86)\windows kits\8.1\include\um\gl\gl.h(1157): note: see declaration of 'WINGDIAPI'
c:\program files (x86)\windows kits\8.1\include\um\gl\gl.h(1172): error C2182: 'APIENTRY': illegal use of type 'void'
c:\program files (x86)\windows kits\8.1\include\um\gl\gl.h(1172): error C2086: 'int APIENTRY': redefinition
  c:\program files (x86)\windows kits\8.1\include\um\gl\gl.h(1157): note: see declaration of 'APIENTRY'
c:\program files (x86)\windows kits\8.1\include\um\gl\gl.h(1172): error C2146: syntax error: missing ';' before identifier 'glClearStencil'
c:\program files (x86)\windows kits\8.1\include\um\gl\gl.h(1173): error C2144: syntax error: 'void' should be preceded by ';'
c:\program files (x86)\windows kits\8.1\include\um\gl\gl.h(1173): error C4430: missing type specifier - int assumed. Note: C++ does not support default-int
c:\program files (x86)\windows kits\8.1\include\um\gl\gl.h(1173): error C2086: 'int WINGDIAPI': redefinition
  c:\program files (x86)\windows kits\8.1\include\um\gl\gl.h(1157): note: see declaration of 'WINGDIAPI'
c:\program files (x86)\windows kits\8.1\include\um\gl\gl.h(1173): error C2182: 'APIENTRY': illegal use of type 'void'
c:\program files (x86)\windows kits\8.1\include\um\gl\gl.h(1173): error C2086: 'int APIENTRY': redefinition
  c:\program files (x86)\windows kits\8.1\include\um\gl\gl.h(1157): note: see declaration of 'APIENTRY'
c:\program files (x86)\windows kits\8.1\include\um\gl\gl.h(1173): error C2146: syntax error: missing ';' before identifier 'glClipPlane'
c:\program files (x86)\windows kits\8.1\include\um\gl\gl.h(1174): error C2144: syntax error: 'void' should be preceded by ';'
c:\program files (x86)\windows kits\8.1\include\um\gl\gl.h(1174): error C4430: missing type specifier - int assumed. Note: C++ does not support default-int
c:\program files (x86)\windows kits\8.1\include\um\gl\gl.h(1174): error C2086: 'int WINGDIAPI': redefinition
  c:\program files (x86)\windows kits\8.1\include\um\gl\gl.h(1157): note: see declaration of 'WINGDIAPI'
c:\program files (x86)\windows kits\8.1\include\um\gl\gl.h(1174): error C2182: 'APIENTRY': illegal use of type 'void'
c:\program files (x86)\windows kits\8.1\include\um\gl\gl.h(1174): error C2086: 'int APIENTRY': redefinition
  c:\program files (x86)\windows kits\8.1\include\um\gl\gl.h(1157): note: see declaration of 'APIENTRY'
c:\program files (x86)\windows kits\8.1\include\um\gl\gl.h(1174): error C2146: syntax error: missing ';' before identifier 'glColor3b'
c:\program files (x86)\windows kits\8.1\include\um\gl\gl.h(1175): error C2144: syntax error: 'void' should be preceded by ';'
c:\program files (x86)\windows kits\8.1\include\um\gl\gl.h(1175): error C4430: missing type specifier - int assumed. Note: C++ does not support default-int
c:\program files (x86)\windows kits\8.1\include\um\gl\gl.h(1175): error C2086: 'int WINGDIAPI': redefinition
  c:\program files (x86)\windows kits\8.1\include\um\gl\gl.h(1157): note: see declaration of 'WINGDIAPI'
c:\program files (x86)\windows kits\8.1\include\um\gl\gl.h(1175): error C2182: 'APIENTRY': illegal use of type 'void'
c:\program files (x86)\windows kits\8.1\include\um\gl\gl.h(1175): error C2086: 'int APIENTRY': redefinition
  c:\program files (x86)\windows kits\8.1\include\um\gl\gl.h(1157): note: see declaration of 'APIENTRY'
c:\program files (x86)\windows kits\8.1\include\um\gl\gl.h(1175): error C2146: syntax error: missing ';' before identifier 'glColor3bv'
c:\program files (x86)\windows kits\8.1\include\um\gl\gl.h(1176): error C2144: syntax error: 'void' should be preceded by ';'
c:\program files (x86)\windows kits\8.1\include\um\gl\gl.h(1176): error C4430: missing type specifier - int assumed. Note: C++ does not support default-int
c:\program files (x86)\windows kits\8.1\include\um\gl\gl.h(1176): error C2086: 'int WINGDIAPI': redefinition
  c:\program files (x86)\windows kits\8.1\include\um\gl\gl.h(1157): note: see declaration of 'WINGDIAPI'
c:\program files (x86)\windows kits\8.1\include\um\gl\gl.h(1176): error C2182: 'APIENTRY': illegal use of type 'void'
c:\program files (x86)\windows kits\8.1\include\um\gl\gl.h(1176): error C2086: 'int APIENTRY': redefinition
  c:\program files (x86)\windows kits\8.1\include\um\gl\gl.h(1157): note: see declaration of 'APIENTRY'
c:\program files (x86)\windows kits\8.1\include\um\gl\gl.h(1176): error C2146: syntax error: missing ';' before identifier 'glColor3d'
c:\program files (x86)\windows kits\8.1\include\um\gl\gl.h(1177): error C2144: syntax error: 'void' should be preceded by ';'
c:\program files (x86)\windows kits\8.1\include\um\gl\gl.h(1177): error C4430: missing type specifier - int assumed. Note: C++ does not support default-int
c:\program files (x86)\windows kits\8.1\include\um\gl\gl.h(1177): error C2086: 'int WINGDIAPI': redefinition
  c:\program files (x86)\windows kits\8.1\include\um\gl\gl.h(1157): note: see declaration of 'WINGDIAPI'
c:\program files (x86)\windows kits\8.1\include\um\gl\gl.h(1177): error C2182: 'APIENTRY': illegal use of type 'void'
c:\program files (x86)\windows kits\8.1\include\um\gl\gl.h(1177): error C2086: 'int APIENTRY': redefinition
  c:\program files (x86)\windows kits\8.1\include\um\gl\gl.h(1157): note: see declaration of 'APIENTRY'
c:\program files (x86)\windows kits\8.1\include\um\gl\gl.h(1177): error C2146: syntax error: missing ';' before identifier 'glColor3dv'
c:\program files (x86)\windows kits\8.1\include\um\gl\gl.h(1178): error C2144: syntax error: 'void' should be preceded by ';'
c:\program files (x86)\windows kits\8.1\include\um\gl\gl.h(1178): fatal error C1003: error count exceeds 100; stopping compilation
=======
c:\users\karel\documents\menghindar_diri\project3d\skybox.h(7): error C3646: 'loadCubemap': unknown override specifier
c:\users\karel\documents\menghindar_diri\project3d\skybox.h(7): error C2059: syntax error: '('
c:\users\karel\documents\menghindar_diri\project3d\skybox.h(7): error C2238: unexpected token(s) preceding ';'
c:\users\karel\documents\menghindar_diri\project3d\skybox.h(8): error C3646: 'getcubemapTexture': unknown override specifier
c:\users\karel\documents\menghindar_diri\project3d\skybox.h(8): error C2059: syntax error: '('
c:\users\karel\documents\menghindar_diri\project3d\skybox.h(9): error C2334: unexpected token(s) preceding '{'; skipping apparent function body
c:\users\karel\documents\menghindar_diri\project3d\skybox.h(14): error C3646: 'cubemapTexture': unknown override specifier
c:\users\karel\documents\menghindar_diri\project3d\skybox.h(14): error C4430: missing type specifier - int assumed. Note: C++ does not support default-int
c:\users\karel\documents\menghindar_diri\project3d\controls\wiimote\wiimote.h(18): warning C4005: 'WIN32_LEAN_AND_MEAN': macro redefinition
  c:\users\karel\documents\menghindar_diri\freeglut\include\gl\freeglut_std.h(58): note: see previous definition of 'WIN32_LEAN_AND_MEAN'
c:\users\karel\documents\menghindar_diri\project3d\main.cpp(94): warning C4244: 'initializing': conversion from 'double' to 'float', possible loss of data
c:\users\karel\documents\menghindar_diri\project3d\main.cpp(95): warning C4244: 'initializing': conversion from 'double' to 'float', possible loss of data
c:\users\karel\documents\menghindar_diri\project3d\main.cpp(130): error C2039: 'getcubemapTexture': is not a member of 'Skybox'
  c:\users\karel\documents\menghindar_diri\project3d\skybox.h(4): note: see declaration of 'Skybox'
c:\users\karel\documents\menghindar_diri\project3d\main.cpp(130): error C2660: 'glBindTexture': function does not take 1 arguments
  Skybox.cpp
c:\users\karel\documents\menghindar_diri\glew-1.11.0\include\gl\glew.h(85): fatal error C1189: #error:  gl.h included before glew.h
>>>>>>> Stashed changes
  Generating Code...
